{"message":"Connected as RainbowSixStats#5563","level":"info","service":"user-service"}
{"message":"Command received: ","level":"info","service":"user-service"}
{"message":"Arguments: ","level":"info","service":"user-service"}
{"message":"Unknown command ''","level":"error","service":"user-service"}
{"message":"Command received: stats","level":"info","service":"user-service"}
{"message":"Connected as RainbowSixStats#5563","level":"info","service":"user-service"}
{"message":"Command received: stats","level":"info","service":"user-service"}
{"message":"Connected as RainbowSixStats#5563","level":"info","service":"user-service"}
{"message":"Command received: stats","level":"info","service":"user-service"}
{"message":"Arguments: up","level":"info","service":"user-service"}
{"message":"Platform 'up' is undefined","level":"error","service":"user-service"}
{"message":"Command received: stats","level":"info","service":"user-service"}
{"message":"Connected as RainbowSixStats#5563","level":"info","service":"user-service"}
{"message":"Command received: stats","level":"info","service":"user-service"}
{"message":"Connected as RainbowSixStats#5563","level":"info","service":"user-service"}
{"message":"Command received: stats","level":"info","service":"user-service"}
{"message":"Connected as RainbowSixStats#5563","level":"info","service":"user-service"}
{"message":"Command received: stats","level":"info","service":"user-service"}
{"message":"Arguments: uplay,govno","level":"info","service":"user-service"}
{"message":"Username 'govno' is undefined","level":"error","service":"user-service"}
{"message":"Command received: stats","level":"info","service":"user-service"}
{"message":"Arguments: uplay,TATARCHI","level":"info","service":"user-service"}
